{"/home/aluno/Área de trabalho/dev/cursoBackendNodeJs/desafio-integrador-sistema-produto/src/functions/index.js": {"path":"/home/aluno/Área de trabalho/dev/cursoBackendNodeJs/desafio-integrador-sistema-produto/src/functions/index.js","statementMap":{"0":{"start":{"line":1,"column":44},"end":{"line":1,"column":72}},"1":{"start":{"line":4,"column":19},"end":{"line":4,"column":43}},"2":{"start":{"line":5,"column":17},"end":{"line":5,"column":51}},"3":{"start":{"line":6,"column":18},"end":{"line":6,"column":72}},"4":{"start":{"line":7,"column":23},"end":{"line":7,"column":53}},"5":{"start":{"line":9,"column":17},"end":{"line":9,"column":65}},"6":{"start":{"line":10,"column":4},"end":{"line":13,"column":5}},"7":{"start":{"line":11,"column":8},"end":{"line":11,"column":25}},"8":{"start":{"line":12,"column":8},"end":{"line":12,"column":15}},"9":{"start":{"line":16,"column":19},"end":{"line":16,"column":82}},"10":{"start":{"line":16,"column":38},"end":{"line":16,"column":81}},"11":{"start":{"line":17,"column":4},"end":{"line":20,"column":5}},"12":{"start":{"line":18,"column":8},"end":{"line":18,"column":55}},"13":{"start":{"line":19,"column":8},"end":{"line":19,"column":15}},"14":{"start":{"line":22,"column":4},"end":{"line":22,"column":47}},"15":{"start":{"line":23,"column":4},"end":{"line":23,"column":59}},"16":{"start":{"line":27,"column":4},"end":{"line":30,"column":5}},"17":{"start":{"line":28,"column":8},"end":{"line":28,"column":50}},"18":{"start":{"line":29,"column":8},"end":{"line":29,"column":15}},"19":{"start":{"line":31,"column":4},"end":{"line":31,"column":41}},"20":{"start":{"line":32,"column":4},"end":{"line":37,"column":9}},"21":{"start":{"line":32,"column":37},"end":{"line":37,"column":5}},"22":{"start":{"line":41,"column":20},"end":{"line":43,"column":5}},"23":{"start":{"line":42,"column":8},"end":{"line":42,"column":69}},"24":{"start":{"line":44,"column":4},"end":{"line":47,"column":5}},"25":{"start":{"line":45,"column":8},"end":{"line":45,"column":64}},"26":{"start":{"line":46,"column":8},"end":{"line":46,"column":15}},"27":{"start":{"line":48,"column":4},"end":{"line":48,"column":40}},"28":{"start":{"line":49,"column":4},"end":{"line":54,"column":9}},"29":{"start":{"line":49,"column":36},"end":{"line":54,"column":5}},"30":{"start":{"line":58,"column":18},"end":{"line":58,"column":78}},"31":{"start":{"line":58,"column":46},"end":{"line":58,"column":74}},"32":{"start":{"line":59,"column":4},"end":{"line":59,"column":66}},"33":{"start":{"line":62,"column":0},"end":{"line":67,"column":2}}},"fnMap":{"0":{"name":"cadastrarProduto","decl":{"start":{"line":3,"column":9},"end":{"line":3,"column":25}},"loc":{"start":{"line":3,"column":36},"end":{"line":24,"column":1}},"line":3},"1":{"name":"(anonymous_1)","decl":{"start":{"line":16,"column":33},"end":{"line":16,"column":34}},"loc":{"start":{"line":16,"column":38},"end":{"line":16,"column":81}},"line":16},"2":{"name":"listarProdutos","decl":{"start":{"line":26,"column":9},"end":{"line":26,"column":23}},"loc":{"start":{"line":26,"column":34},"end":{"line":38,"column":1}},"line":26},"3":{"name":"(anonymous_3)","decl":{"start":{"line":32,"column":31},"end":{"line":32,"column":32}},"loc":{"start":{"line":32,"column":37},"end":{"line":37,"column":5}},"line":32},"4":{"name":"buscarPorNome","decl":{"start":{"line":40,"column":9},"end":{"line":40,"column":22}},"loc":{"start":{"line":40,"column":44},"end":{"line":55,"column":1}},"line":40},"5":{"name":"(anonymous_5)","decl":{"start":{"line":41,"column":36},"end":{"line":41,"column":37}},"loc":{"start":{"line":42,"column":8},"end":{"line":42,"column":69}},"line":42},"6":{"name":"(anonymous_6)","decl":{"start":{"line":49,"column":30},"end":{"line":49,"column":31}},"loc":{"start":{"line":49,"column":36},"end":{"line":54,"column":5}},"line":49},"7":{"name":"totalEmEstoque","decl":{"start":{"line":57,"column":9},"end":{"line":57,"column":23}},"loc":{"start":{"line":57,"column":34},"end":{"line":60,"column":1}},"line":57},"8":{"name":"(anonymous_8)","decl":{"start":{"line":58,"column":34},"end":{"line":58,"column":35}},"loc":{"start":{"line":58,"column":46},"end":{"line":58,"column":74}},"line":58}},"branchMap":{"0":{"loc":{"start":{"line":10,"column":4},"end":{"line":13,"column":5}},"type":"if","locations":[{"start":{"line":10,"column":4},"end":{"line":13,"column":5}},{"start":{},"end":{}}],"line":10},"1":{"loc":{"start":{"line":17,"column":4},"end":{"line":20,"column":5}},"type":"if","locations":[{"start":{"line":17,"column":4},"end":{"line":20,"column":5}},{"start":{},"end":{}}],"line":17},"2":{"loc":{"start":{"line":27,"column":4},"end":{"line":30,"column":5}},"type":"if","locations":[{"start":{"line":27,"column":4},"end":{"line":30,"column":5}},{"start":{},"end":{}}],"line":27},"3":{"loc":{"start":{"line":44,"column":4},"end":{"line":47,"column":5}},"type":"if","locations":[{"start":{"line":44,"column":4},"end":{"line":47,"column":5}},{"start":{},"end":{}}],"line":44}},"s":{"0":4,"1":3,"2":3,"3":3,"4":3,"5":3,"6":3,"7":1,"8":1,"9":2,"10":1,"11":2,"12":1,"13":1,"14":1,"15":1,"16":2,"17":1,"18":1,"19":1,"20":1,"21":1,"22":2,"23":2,"24":2,"25":1,"26":1,"27":1,"28":1,"29":1,"30":2,"31":2,"32":2,"33":4},"f":{"0":3,"1":1,"2":2,"3":1,"4":2,"5":2,"6":1,"7":2,"8":2},"b":{"0":[1,2],"1":[1,1],"2":[1,1],"3":[1,1]},"_coverageSchema":"1a1c01bbd47fc00a2c39e90264f33305004495a9","hash":"ac87ef6869100aea34d2b7ed9391f08ffa42ef01"}
,"/home/aluno/Área de trabalho/dev/cursoBackendNodeJs/desafio-integrador-sistema-produto/src/utils/decisoes.js": {"path":"/home/aluno/Área de trabalho/dev/cursoBackendNodeJs/desafio-integrador-sistema-produto/src/utils/decisoes.js","statementMap":{"0":{"start":{"line":2,"column":4},"end":{"line":2,"column":44}},"1":{"start":{"line":6,"column":40},"end":{"line":6,"column":47}},"2":{"start":{"line":7,"column":4},"end":{"line":9,"column":5}},"3":{"start":{"line":8,"column":8},"end":{"line":8,"column":50}},"4":{"start":{"line":10,"column":4},"end":{"line":12,"column":5}},"5":{"start":{"line":11,"column":8},"end":{"line":11,"column":65}},"6":{"start":{"line":13,"column":4},"end":{"line":15,"column":5}},"7":{"start":{"line":14,"column":8},"end":{"line":14,"column":82}},"8":{"start":{"line":16,"column":4},"end":{"line":16,"column":16}},"9":{"start":{"line":20,"column":4},"end":{"line":20,"column":33}},"10":{"start":{"line":23,"column":0},"end":{"line":27,"column":2}}},"fnMap":{"0":{"name":"ehEntradaValida","decl":{"start":{"line":1,"column":9},"end":{"line":1,"column":24}},"loc":{"start":{"line":1,"column":32},"end":{"line":3,"column":1}},"line":1},"1":{"name":"validarDadosProduto","decl":{"start":{"line":5,"column":9},"end":{"line":5,"column":28}},"loc":{"start":{"line":5,"column":38},"end":{"line":17,"column":1}},"line":5},"2":{"name":"tratarErro","decl":{"start":{"line":19,"column":9},"end":{"line":19,"column":19}},"loc":{"start":{"line":19,"column":26},"end":{"line":21,"column":1}},"line":19}},"branchMap":{"0":{"loc":{"start":{"line":2,"column":14},"end":{"line":2,"column":42}},"type":"binary-expr","locations":[{"start":{"line":2,"column":14},"end":{"line":2,"column":19}},{"start":{"line":2,"column":23},"end":{"line":2,"column":42}}],"line":2},"1":{"loc":{"start":{"line":7,"column":4},"end":{"line":9,"column":5}},"type":"if","locations":[{"start":{"line":7,"column":4},"end":{"line":9,"column":5}},{"start":{},"end":{}}],"line":7},"2":{"loc":{"start":{"line":10,"column":4},"end":{"line":12,"column":5}},"type":"if","locations":[{"start":{"line":10,"column":4},"end":{"line":12,"column":5}},{"start":{},"end":{}}],"line":10},"3":{"loc":{"start":{"line":10,"column":8},"end":{"line":10,"column":34}},"type":"binary-expr","locations":[{"start":{"line":10,"column":8},"end":{"line":10,"column":20}},{"start":{"line":10,"column":24},"end":{"line":10,"column":34}}],"line":10},"4":{"loc":{"start":{"line":13,"column":4},"end":{"line":15,"column":5}},"type":"if","locations":[{"start":{"line":13,"column":4},"end":{"line":15,"column":5}},{"start":{},"end":{}}],"line":13},"5":{"loc":{"start":{"line":13,"column":8},"end":{"line":13,"column":55}},"type":"binary-expr","locations":[{"start":{"line":13,"column":8},"end":{"line":13,"column":37}},{"start":{"line":13,"column":41},"end":{"line":13,"column":55}}],"line":13}},"s":{"0":14,"1":9,"2":9,"3":2,"4":7,"5":2,"6":5,"7":2,"8":3,"9":3,"10":5},"f":{"0":14,"1":9,"2":3},"b":{"0":[14,9],"1":[2,7],"2":[2,5],"3":[7,6],"4":[2,3],"5":[5,4]},"_coverageSchema":"1a1c01bbd47fc00a2c39e90264f33305004495a9","hash":"89574728bd8b5f4f20eb7e1b1e57979b9e02bbf4"}
}
