TN:
SF:src/functions/index.js
FN:3,cadastrarProduto
FN:16,(anonymous_1)
FN:26,listarProdutos
FN:32,(anonymous_3)
FN:40,buscarPorNome
FN:41,(anonymous_5)
FN:49,(anonymous_6)
FN:57,totalEmEstoque
FN:58,(anonymous_8)
FNF:9
FNH:9
FNDA:3,cadastrarProduto
FNDA:1,(anonymous_1)
FNDA:2,listarProdutos
FNDA:1,(anonymous_3)
FNDA:2,buscarPorNome
FNDA:2,(anonymous_5)
FNDA:1,(anonymous_6)
FNDA:2,totalEmEstoque
FNDA:2,(anonymous_8)
DA:1,4
DA:4,3
DA:5,3
DA:6,3
DA:7,3
DA:9,3
DA:10,3
DA:11,1
DA:12,1
DA:16,2
DA:17,2
DA:18,1
DA:19,1
DA:22,1
DA:23,1
DA:27,2
DA:28,1
DA:29,1
DA:31,1
DA:32,1
DA:41,2
DA:42,2
DA:44,2
DA:45,1
DA:46,1
DA:48,1
DA:49,1
DA:58,2
DA:59,2
DA:62,4
LF:30
LH:30
BRDA:10,0,0,1
BRDA:10,0,1,2
BRDA:17,1,0,1
BRDA:17,1,1,1
BRDA:27,2,0,1
BRDA:27,2,1,1
BRDA:44,3,0,1
BRDA:44,3,1,1
BRF:8
BRH:8
end_of_record
TN:
SF:src/utils/decision.js
FN:1,isValidInput
FN:5,validateProductData
FN:19,handleError
FNF:3
FNH:3
FNDA:14,isValidInput
FNDA:9,validateProductData
FNDA:3,handleError
DA:2,14
DA:6,9
DA:7,9
DA:8,2
DA:10,7
DA:11,2
DA:13,5
DA:14,2
DA:16,3
DA:20,3
DA:23,5
LF:11
LH:11
BRDA:2,0,0,14
BRDA:2,0,1,9
BRDA:7,1,0,2
BRDA:7,1,1,7
BRDA:10,2,0,2
BRDA:10,2,1,5
BRDA:10,3,0,7
BRDA:10,3,1,6
BRDA:13,4,0,2
BRDA:13,4,1,3
BRDA:13,5,0,5
BRDA:13,5,1,4
BRF:12
BRH:12
end_of_record
